<?xml version="1.0" encoding="UTF-8"?>
<testsuite name="com.cinemoa.CineMoaApplicationTests" tests="1" skipped="0" failures="0" errors="0" timestamp="2025-07-03T06:58:35.891Z" hostname="DESKTOP-Q3QB9II" time="0.434">
  <properties/>
  <testcase name="contextLoads()" classname="com.cinemoa.CineMoaApplicationTests" time="0.434"/>
  <system-out><![CDATA[15:58:32.632 [Test worker] INFO org.springframework.test.context.support.AnnotationConfigContextLoaderUtils -- Could not detect default configuration classes for test class [com.cinemoa.CineMoaApplicationTests]: CineMoaApplicationTests does not declare any static, non-private, non-final, nested classes annotated with @Configuration.
15:58:32.742 [Test worker] INFO org.springframework.boot.test.context.SpringBootTestContextBootstrapper -- Found @SpringBootConfiguration com.cinemoa.CineMoaApplication for test class com.cinemoa.CineMoaApplicationTests

  .   ____          _            __ _ _
 /\\ / ___'_ __ _ _(_)_ __  __ _ \ \ \ \
( ( )\___ | '_ | '_| | '_ \/ _` | \ \ \ \
 \\/  ___)| |_)| | | | | || (_| |  ) ) ) )
  '  |____| .__|_| |_|_| |_\__, | / / / /
 =========|_|==============|___/=/_/_/_/

 :: Spring Boot ::                (v3.5.3)

2025-07-03T15:58:33.144+09:00  INFO 7580 --- [cinemoa] [    Test worker] com.cinemoa.CineMoaApplicationTests      : Starting CineMoaApplicationTests using Java 21.0.7 with PID 7580 (started by 601 in C:\cinemoa\CineMoa)
2025-07-03T15:58:33.144+09:00  INFO 7580 --- [cinemoa] [    Test worker] com.cinemoa.CineMoaApplicationTests      : No active profile set, falling back to 1 default profile: "default"
2025-07-03T15:58:33.672+09:00  INFO 7580 --- [cinemoa] [    Test worker] .s.d.r.c.RepositoryConfigurationDelegate : Bootstrapping Spring Data JPA repositories in DEFAULT mode.
2025-07-03T15:58:33.687+09:00  INFO 7580 --- [cinemoa] [    Test worker] .s.d.r.c.RepositoryConfigurationDelegate : Finished Spring Data repository scanning in 10 ms. Found 0 JPA repository interfaces.
2025-07-03T15:58:34.027+09:00  INFO 7580 --- [cinemoa] [    Test worker] o.hibernate.jpa.internal.util.LogHelper  : HHH000204: Processing PersistenceUnitInfo [name: default]
2025-07-03T15:58:34.089+09:00  INFO 7580 --- [cinemoa] [    Test worker] org.hibernate.Version                    : HHH000412: Hibernate ORM core version 6.6.18.Final
2025-07-03T15:58:34.120+09:00  INFO 7580 --- [cinemoa] [    Test worker] o.h.c.internal.RegionFactoryInitiator    : HHH000026: Second-level cache disabled
2025-07-03T15:58:34.386+09:00  INFO 7580 --- [cinemoa] [    Test worker] o.s.o.j.p.SpringPersistenceUnitInfo      : No LoadTimeWeaver setup: ignoring JPA class transformer
2025-07-03T15:58:34.434+09:00  INFO 7580 --- [cinemoa] [    Test worker] com.zaxxer.hikari.HikariDataSource       : HikariPool-1 - Starting...
2025-07-03T15:58:34.871+09:00  INFO 7580 --- [cinemoa] [    Test worker] com.zaxxer.hikari.pool.HikariPool        : HikariPool-1 - Added connection com.mysql.cj.jdbc.ConnectionImpl@4ef31221
2025-07-03T15:58:34.871+09:00  INFO 7580 --- [cinemoa] [    Test worker] com.zaxxer.hikari.HikariDataSource       : HikariPool-1 - Start completed.
2025-07-03T15:58:34.965+09:00  INFO 7580 --- [cinemoa] [    Test worker] org.hibernate.orm.connections.pooling    : HHH10001005: Database info:
	Database JDBC URL [Connecting through datasource 'HikariDataSource (HikariPool-1)']
	Database driver: undefined/unknown
	Database version: 8.0.41
	Autocommit mode: undefined/unknown
	Isolation level: undefined/unknown
	Minimum pool size: undefined/unknown
	Maximum pool size: undefined/unknown
2025-07-03T15:58:35.283+09:00  INFO 7580 --- [cinemoa] [    Test worker] o.h.e.t.j.p.i.JtaPlatformInitiator       : HHH000489: No JTA platform available (set 'hibernate.transaction.jta.platform' to enable JTA platform integration)
2025-07-03T15:58:35.289+09:00  INFO 7580 --- [cinemoa] [    Test worker] j.LocalContainerEntityManagerFactoryBean : Initialized JPA EntityManagerFactory for persistence unit 'default'
2025-07-03T15:58:35.430+09:00  WARN 7580 --- [cinemoa] [    Test worker] JpaBaseConfiguration$JpaWebConfiguration : spring.jpa.open-in-view is enabled by default. Therefore, database queries may be performed during view rendering. Explicitly configure spring.jpa.open-in-view to disable this warning
2025-07-03T15:58:35.868+09:00  INFO 7580 --- [cinemoa] [    Test worker] com.cinemoa.CineMoaApplicationTests      : Started CineMoaApplicationTests in 2.97 seconds (process running for 4.027)
]]></system-out>
  <system-err><![CDATA[Mockito is currently self-attaching to enable the inline-mock-maker. This will no longer work in future releases of the JDK. Please add Mockito as an agent to your build as described in Mockito's documentation: https://javadoc.io/doc/org.mockito/mockito-core/latest/org.mockito/org/mockito/Mockito.html#0.3
WARNING: A Java agent has been loaded dynamically (C:\Users\601\.gradle\caches\modules-2\files-2.1\net.bytebuddy\byte-buddy-agent\1.17.6\17b32fd9f57deef02842f7f05abc4ad8127fe34e\byte-buddy-agent-1.17.6.jar)
WARNING: If a serviceability tool is in use, please run with -XX:+EnableDynamicAgentLoading to hide this warning
WARNING: If a serviceability tool is not in use, please run with -Djdk.instrument.traceUsage for more information
WARNING: Dynamic loading of agents will be disallowed by default in a future release
]]></system-err>
</testsuite>
