<?xml version="1.0" encoding="UTF-8"?>
<testsuite name="com.cinemoa.CineMoaApplicationTests" tests="1" skipped="0" failures="0" errors="0" timestamp="2025-07-03T09:20:18.486Z" hostname="DESKTOP-Q3QB9II" time="0.321">
  <properties/>
  <testcase name="contextLoads()" classname="com.cinemoa.CineMoaApplicationTests" time="0.321"/>
  <system-out><![CDATA[18:20:14.781 [Test worker] INFO org.springframework.test.context.support.AnnotationConfigContextLoaderUtils -- Could not detect default configuration classes for test class [com.cinemoa.CineMoaApplicationTests]: CineMoaApplicationTests does not declare any static, non-private, non-final, nested classes annotated with @Configuration.
18:20:14.873 [Test worker] INFO org.springframework.boot.test.context.SpringBootTestContextBootstrapper -- Found @SpringBootConfiguration com.cinemoa.CineMoaApplication for test class com.cinemoa.CineMoaApplicationTests

  .   ____          _            __ _ _
 /\\ / ___'_ __ _ _(_)_ __  __ _ \ \ \ \
( ( )\___ | '_ | '_| | '_ \/ _` | \ \ \ \
 \\/  ___)| |_)| | | | | || (_| |  ) ) ) )
  '  |____| .__|_| |_|_| |_\__, | / / / /
 =========|_|==============|___/=/_/_/_/

 :: Spring Boot ::                (v3.5.3)

2025-07-03T18:20:15.273+09:00  INFO 10500 --- [cinemoa] [    Test worker] com.cinemoa.CineMoaApplicationTests      : Starting CineMoaApplicationTests using Java 21.0.7 with PID 10500 (started by 601 in C:\cinemoa\CineMoa)
2025-07-03T18:20:15.273+09:00  INFO 10500 --- [cinemoa] [    Test worker] com.cinemoa.CineMoaApplicationTests      : No active profile set, falling back to 1 default profile: "default"
2025-07-03T18:20:15.823+09:00  INFO 10500 --- [cinemoa] [    Test worker] .s.d.r.c.RepositoryConfigurationDelegate : Bootstrapping Spring Data JPA repositories in DEFAULT mode.
2025-07-03T18:20:15.869+09:00  INFO 10500 --- [cinemoa] [    Test worker] .s.d.r.c.RepositoryConfigurationDelegate : Finished Spring Data repository scanning in 42 ms. Found 1 JPA repository interface.
2025-07-03T18:20:16.217+09:00  INFO 10500 --- [cinemoa] [    Test worker] o.hibernate.jpa.internal.util.LogHelper  : HHH000204: Processing PersistenceUnitInfo [name: default]
2025-07-03T18:20:16.273+09:00  INFO 10500 --- [cinemoa] [    Test worker] org.hibernate.Version                    : HHH000412: Hibernate ORM core version 6.6.18.Final
2025-07-03T18:20:16.305+09:00  INFO 10500 --- [cinemoa] [    Test worker] o.h.c.internal.RegionFactoryInitiator    : HHH000026: Second-level cache disabled
2025-07-03T18:20:16.556+09:00  INFO 10500 --- [cinemoa] [    Test worker] o.s.o.j.p.SpringPersistenceUnitInfo      : No LoadTimeWeaver setup: ignoring JPA class transformer
2025-07-03T18:20:16.590+09:00  INFO 10500 --- [cinemoa] [    Test worker] com.zaxxer.hikari.HikariDataSource       : HikariPool-1 - Starting...
2025-07-03T18:20:16.911+09:00  INFO 10500 --- [cinemoa] [    Test worker] com.zaxxer.hikari.pool.HikariPool        : HikariPool-1 - Added connection com.mysql.cj.jdbc.ConnectionImpl@590dea35
2025-07-03T18:20:16.914+09:00  INFO 10500 --- [cinemoa] [    Test worker] com.zaxxer.hikari.HikariDataSource       : HikariPool-1 - Start completed.
2025-07-03T18:20:16.982+09:00  INFO 10500 --- [cinemoa] [    Test worker] org.hibernate.orm.connections.pooling    : HHH10001005: Database info:
	Database JDBC URL [Connecting through datasource 'HikariDataSource (HikariPool-1)']
	Database driver: undefined/unknown
	Database version: 8.0.40
	Autocommit mode: undefined/unknown
	Isolation level: undefined/unknown
	Minimum pool size: undefined/unknown
	Maximum pool size: undefined/unknown
2025-07-03T18:20:17.691+09:00  INFO 10500 --- [cinemoa] [    Test worker] o.h.e.t.j.p.i.JtaPlatformInitiator       : HHH000489: No JTA platform available (set 'hibernate.transaction.jta.platform' to enable JTA platform integration)
2025-07-03T18:20:17.728+09:00  INFO 10500 --- [cinemoa] [    Test worker] j.LocalContainerEntityManagerFactoryBean : Initialized JPA EntityManagerFactory for persistence unit 'default'
2025-07-03T18:20:18.110+09:00  WARN 10500 --- [cinemoa] [    Test worker] JpaBaseConfiguration$JpaWebConfiguration : spring.jpa.open-in-view is enabled by default. Therefore, database queries may be performed during view rendering. Explicitly configure spring.jpa.open-in-view to disable this warning
2025-07-03T18:20:18.478+09:00  INFO 10500 --- [cinemoa] [    Test worker] com.cinemoa.CineMoaApplicationTests      : Started CineMoaApplicationTests in 3.447 seconds (process running for 4.438)
]]></system-out>
  <system-err><![CDATA[Mockito is currently self-attaching to enable the inline-mock-maker. This will no longer work in future releases of the JDK. Please add Mockito as an agent to your build as described in Mockito's documentation: https://javadoc.io/doc/org.mockito/mockito-core/latest/org.mockito/org/mockito/Mockito.html#0.3
WARNING: A Java agent has been loaded dynamically (C:\Users\601\.gradle\caches\modules-2\files-2.1\net.bytebuddy\byte-buddy-agent\1.17.6\17b32fd9f57deef02842f7f05abc4ad8127fe34e\byte-buddy-agent-1.17.6.jar)
WARNING: If a serviceability tool is in use, please run with -XX:+EnableDynamicAgentLoading to hide this warning
WARNING: If a serviceability tool is not in use, please run with -Djdk.instrument.traceUsage for more information
WARNING: Dynamic loading of agents will be disallowed by default in a future release
]]></system-err>
</testsuite>
